<?xml version="1.0" encoding="UTF-8"?>
<!-- Generated by org.testng.reporters.JUnitXMLReporter -->
<testsuite ignored="2" hostname="DESKTOP-U73VDTJ" failures="1" tests="3" name="Test" time="0.31" errors="0" timestamp="2025-02-27T19:59:09 IST">
  <testcase classname="Testngpackage.Sampletest" name="Dependencymethod" time="0.156">
    <failure type="java.lang.Error" message="Unresolved compilation problem: 
	The value for annotation attribute Test.dependsOnMethods must be an array initializer
">
      <![CDATA[java.lang.Error: Unresolved compilation problem: 
The value for annotation attribute Test.dependsOnMethods must be an array initializer

at Testngpackage.Sampletest.Dependencymethod(Sampletest.java:37)
at java.base/java.util.ArrayList.forEach(ArrayList.java:1597)
... Removed 25 stack frames]]>
    </failure>
  </testcase> <!-- Dependencymethod -->
  <testcase classname="Testngpackage.Sampletest" name="samplemethod2" time="0.005"/>
  <testcase classname="Testngpackage.Sampletest" name="samplemethod1" time="0.016"/>
  <testcase classname="Testngpackage.Sampletest" name="samplemethod" time="0.0">
    <ignored/>
  </testcase> <!-- samplemethod -->
  <testcase classname="Testngpackage.Sampletest" name="samplemethod3" time="0.0">
    <ignored/>
  </testcase> <!-- samplemethod3 -->
</testsuite> <!-- Test -->
