<?xml version="1.0" encoding="UTF-8"?>
<!-- Generated by org.testng.reporters.JUnitXMLReporter -->
<testsuite ignored="0" hostname="DESKTOP-U73VDTJ" failures="0" tests="3" name="Test_1" time="55.798" errors="0" timestamp="2025-02-27T20:47:36 IST">
  <testcase classname="Testngpackage.samplebrowserlaunch" name="Lauchbrowser" time="11.712"/>
  <testcase classname="Testngpackage.samplebrowserlaunch" name="Lauchbrowser1" time="18.023"/>
  <testcase classname="Testngpackage.samplebrowserlaunch" name="Lauchbrowser2" time="25.945"/>
</testsuite> <!-- Test_1 -->
